2018-12-23T10:42:30+00:00 CRITICAL Uncaught Error: Cannot use object of type WP_Term as array in C:\OSPanel\domains\grazia.loc\wp-content\themes\el-grazia\woocommerce.php:75
Stack trace:
#0 C:\OSPanel\domains\grazia.loc\wp-includes\template-loader.php(74): include()
#1 C:\OSPanel\domains\grazia.loc\wp-blog-header.php(19): require_once('C:\\OSPanel\\doma...')
#2 C:\OSPanel\domains\grazia.loc\index.php(17): require('C:\\OSPanel\\doma...')
#3 {main}
  thrown в C:\OSPanel\domains\grazia.loc\wp-content\themes\el-grazia\woocommerce.php на строке 75

2018-12-23T10:42:35+00:00 CRITICAL Uncaught Error: Cannot use object of type WP_Term as array in C:\OSPanel\domains\grazia.loc\wp-content\themes\el-grazia\woocommerce.php:75
Stack trace:
#0 C:\OSPanel\domains\grazia.loc\wp-includes\template-loader.php(74): include()
#1 C:\OSPanel\domains\grazia.loc\wp-blog-header.php(19): require_once('C:\\OSPanel\\doma...')
#2 C:\OSPanel\domains\grazia.loc\index.php(17): require('C:\\OSPanel\\doma...')
#3 {main}
  thrown в C:\OSPanel\domains\grazia.loc\wp-content\themes\el-grazia\woocommerce.php на строке 75

2018-12-23T10:42:56+00:00 CRITICAL Uncaught Error: Cannot use object of type WP_Term as array in C:\OSPanel\domains\grazia.loc\wp-content\themes\el-grazia\woocommerce.php:75
Stack trace:
#0 C:\OSPanel\domains\grazia.loc\wp-includes\template-loader.php(74): include()
#1 C:\OSPanel\domains\grazia.loc\wp-blog-header.php(19): require_once('C:\\OSPanel\\doma...')
#2 C:\OSPanel\domains\grazia.loc\index.php(17): require('C:\\OSPanel\\doma...')
#3 {main}
  thrown в C:\OSPanel\domains\grazia.loc\wp-content\themes\el-grazia\woocommerce.php на строке 75

2018-12-23T10:43:00+00:00 CRITICAL Uncaught Error: Cannot use object of type WP_Term as array in C:\OSPanel\domains\grazia.loc\wp-content\themes\el-grazia\woocommerce.php:75
Stack trace:
#0 C:\OSPanel\domains\grazia.loc\wp-includes\template-loader.php(74): include()
#1 C:\OSPanel\domains\grazia.loc\wp-blog-header.php(19): require_once('C:\\OSPanel\\doma...')
#2 C:\OSPanel\domains\grazia.loc\index.php(17): require('C:\\OSPanel\\doma...')
#3 {main}
  thrown в C:\OSPanel\domains\grazia.loc\wp-content\themes\el-grazia\woocommerce.php на строке 75

2018-12-23T10:44:19+00:00 CRITICAL Uncaught Error: Cannot use object of type WP_Term as array in C:\OSPanel\domains\grazia.loc\wp-content\themes\el-grazia\woocommerce.php:75
Stack trace:
#0 C:\OSPanel\domains\grazia.loc\wp-includes\template-loader.php(74): include()
#1 C:\OSPanel\domains\grazia.loc\wp-blog-header.php(19): require_once('C:\\OSPanel\\doma...')
#2 C:\OSPanel\domains\grazia.loc\index.php(17): require('C:\\OSPanel\\doma...')
#3 {main}
  thrown в C:\OSPanel\domains\grazia.loc\wp-content\themes\el-grazia\woocommerce.php на строке 75

2018-12-23T10:44:21+00:00 CRITICAL Uncaught Error: Cannot use object of type WP_Term as array in C:\OSPanel\domains\grazia.loc\wp-content\themes\el-grazia\woocommerce.php:75
Stack trace:
#0 C:\OSPanel\domains\grazia.loc\wp-includes\template-loader.php(74): include()
#1 C:\OSPanel\domains\grazia.loc\wp-blog-header.php(19): require_once('C:\\OSPanel\\doma...')
#2 C:\OSPanel\domains\grazia.loc\index.php(17): require('C:\\OSPanel\\doma...')
#3 {main}
  thrown в C:\OSPanel\domains\grazia.loc\wp-content\themes\el-grazia\woocommerce.php на строке 75

2018-12-23T10:53:25+00:00 CRITICAL syntax error, unexpected ')', expecting identifier (T_STRING) or variable (T_VARIABLE) or '{' or '$' в C:\OSPanel\domains\grazia.loc\wp-content\themes\el-grazia\functions.php на строке 513

2018-12-23T15:21:50+00:00 CRITICAL Uncaught Error: Call to undefined method WP_Term::spl_autoload_unregister() in C:\OSPanel\domains\grazia.loc\wp-content\themes\el-grazia\template-parts\archive-post.php:31
Stack trace:
#0 C:\OSPanel\domains\grazia.loc\wp-includes\template.php(690): require()
#1 C:\OSPanel\domains\grazia.loc\wp-includes\template.php(647): load_template('C:\\OSPanel\\doma...', false)
#2 C:\OSPanel\domains\grazia.loc\wp-includes\general-template.php(155): locate_template(Array, true, false)
#3 C:\OSPanel\domains\grazia.loc\wp-content\themes\el-grazia\archive.php(19): get_template_part('template-parts/...', 'post')
#4 C:\OSPanel\domains\grazia.loc\wp-includes\template-loader.php(74): include('C:\\OSPanel\\doma...')
#5 C:\OSPanel\domains\grazia.loc\wp-blog-header.php(19): require_once('C:\\OSPanel\\doma...')
#6 C:\OSPanel\domains\grazia.loc\index.php(17): require('C:\\OSPanel\\doma...')
#7 {main}
  thrown в C:\OSPanel\domains\grazia.loc\wp-content\themes\el-grazia\template-parts\archive-post.php на строке 31

